<?xml version="1.0" encoding="UTF-8"?>
<testsuite name="RunnerPackage.RunnerClass" time="0.061" tests="21" errors="0" skipped="0" failures="0">
  <properties>
    <property name="java.runtime.name" value="Java(TM) SE Runtime Environment"/>
    <property name="sun.boot.library.path" value="C:\Program Files\Java\jre1.8.0_241\bin"/>
    <property name="java.vm.version" value="25.241-b07"/>
    <property name="java.vm.vendor" value="Oracle Corporation"/>
    <property name="maven.multiModuleProjectDirectory" value="C:\Users\Jayavel\amazon"/>
    <property name="java.vendor.url" value="http://java.oracle.com/"/>
    <property name="path.separator" value=";"/>
    <property name="guice.disable.misplaced.annotation.check" value="true"/>
    <property name="java.vm.name" value="Java HotSpot(TM) 64-Bit Server VM"/>
    <property name="file.encoding.pkg" value="sun.io"/>
    <property name="user.script" value=""/>
    <property name="user.country" value="US"/>
    <property name="sun.java.launcher" value="SUN_STANDARD"/>
    <property name="sun.os.patch.level" value=""/>
    <property name="java.vm.specification.name" value="Java Virtual Machine Specification"/>
    <property name="user.dir" value="C:\Users\Jayavel\amazon"/>
    <property name="java.runtime.version" value="1.8.0_241-b07"/>
    <property name="java.awt.graphicsenv" value="sun.awt.Win32GraphicsEnvironment"/>
    <property name="java.endorsed.dirs" value="C:\Program Files\Java\jre1.8.0_241\lib\endorsed"/>
    <property name="os.arch" value="amd64"/>
    <property name="java.io.tmpdir" value="C:\Users\Jayavel\AppData\Local\Temp\"/>
    <property name="line.separator" value="&#10;"/>
    <property name="java.vm.specification.vendor" value="Oracle Corporation"/>
    <property name="user.variant" value=""/>
    <property name="os.name" value="Windows 10"/>
    <property name="classworlds.conf" value="C:\Users\Jayavel\.metadata\.plugins\org.eclipse.m2e.launching\launches\m2conf1098671653969377083.tmp"/>
    <property name="sun.jnu.encoding" value="Cp1252"/>
    <property name="java.library.path" value="C:\Program Files\Java\jre1.8.0_241\bin;C:\WINDOWS\Sun\Java\bin;C:\WINDOWS\system32;C:\WINDOWS;C:/Program Files/Java/jre1.8.0_241/bin/server;C:/Program Files/Java/jre1.8.0_241/bin;C:/Program Files/Java/jre1.8.0_241/lib/amd64;C:\Program Files (x86)\Common Files\Oracle\Java\javapath;C:\Program Files (x86)\Common Files\Intel\Shared Files\fortran\bin\ia32;C:\WINDOWS\system32;C:\WINDOWS;C:\WINDOWS\System32\Wbem;C:\WINDOWS\System32\WindowsPowerShell\v1.0\;C:\Program Files\Common Files\Autodesk Shared\;C:\Program Files (x86)\Autodesk\Backburner\;C:\WINDOWS\System32\OpenSSH\;C:\Program Files\Java\jdk1.8.0_241\bin;C:\Users\Jayavel\AppData\Local\Microsoft\WindowsApps;;C:\Users\Jayavel\Desktop\eclipse;;."/>
    <property name="java.specification.name" value="Java Platform API Specification"/>
    <property name="java.class.version" value="52.0"/>
    <property name="sun.management.compiler" value="HotSpot 64-Bit Tiered Compilers"/>
    <property name="os.version" value="10.0"/>
    <property name="user.home" value="C:\Users\Jayavel"/>
    <property name="user.timezone" value="Asia/Calcutta"/>
    <property name="java.awt.printerjob" value="sun.awt.windows.WPrinterJob"/>
    <property name="java.specification.version" value="1.8"/>
    <property name="file.encoding" value="Cp1252"/>
    <property name="user.name" value="Jayavel"/>
    <property name="java.class.path" value="/C:/Users/Jayavel/Desktop/eclipse/plugins/org.eclipse.m2e.maven.runtime_1.8.0.20170516-2042/jars/plexus-classworlds-2.5.2.jar"/>
    <property name="java.vm.specification.version" value="1.8"/>
    <property name="sun.arch.data.model" value="64"/>
    <property name="java.home" value="C:\Program Files\Java\jre1.8.0_241"/>
    <property name="sun.java.command" value="org.codehaus.plexus.classworlds.launcher.Launcher -B install"/>
    <property name="java.specification.vendor" value="Oracle Corporation"/>
    <property name="user.language" value="en"/>
    <property name="awt.toolkit" value="sun.awt.windows.WToolkit"/>
    <property name="java.vm.info" value="mixed mode"/>
    <property name="java.version" value="1.8.0_241"/>
    <property name="java.ext.dirs" value="C:\Program Files\Java\jre1.8.0_241\lib\ext;C:\WINDOWS\Sun\Java\lib\ext"/>
    <property name="sun.boot.class.path" value="C:\Program Files\Java\jre1.8.0_241\lib\resources.jar;C:\Program Files\Java\jre1.8.0_241\lib\rt.jar;C:\Program Files\Java\jre1.8.0_241\lib\sunrsasign.jar;C:\Program Files\Java\jre1.8.0_241\lib\jsse.jar;C:\Program Files\Java\jre1.8.0_241\lib\jce.jar;C:\Program Files\Java\jre1.8.0_241\lib\charsets.jar;C:\Program Files\Java\jre1.8.0_241\lib\jfr.jar;C:\Program Files\Java\jre1.8.0_241\classes"/>
    <property name="java.vendor" value="Oracle Corporation"/>
    <property name="maven.home" value="C:\Users\Jayavel\amazon\EMBEDDED"/>
    <property name="file.separator" value="\"/>
    <property name="java.vendor.url.bug" value="http://bugreport.sun.com/bugreport/"/>
    <property name="sun.cpu.endian" value="little"/>
    <property name="sun.io.unicode.encoding" value="UnicodeLittle"/>
    <property name="sun.desktop" value="windows"/>
    <property name="sun.cpu.isalist" value="amd64"/>
  </properties>
  <testcase name="Given Launch the Web Applications." classname="Scenario: Validate the Adactin page with the valid credentials" time="0.061"/>
  <testcase name="When Enter the username &quot;SubhaNataraj&quot; and password &quot;Su38a9943&quot;" classname="Scenario: Validate the Adactin page with the valid credentials" time="0"/>
  <testcase name="And Click the login button" classname="Scenario: Validate the Adactin page with the valid credentials" time="0"/>
  <testcase name="Then Get the next page title" classname="Scenario: Validate the Adactin page with the valid credentials" time="0"/>
  <testcase name="Scenario: Validate the Adactin page with the valid credentials" classname="Scenario: Validate the Adactin page with the valid credentials" time="0"/>
  <testcase name="Given Launch second page Application." classname="Scenario: checking the room availability for the particular date" time="0"/>
  <testcase name="When select the location hotel roomtype numberofrooms" classname="Scenario: checking the room availability for the particular date" time="0"/>
  <testcase name="When enter the checkindate &quot;23/04/2021&quot; and  checkoutdate &quot;24/04/2021&quot;" classname="Scenario: checking the room availability for the particular date" time="0"/>
  <testcase name="And selecting the numberofpersons" classname="Scenario: checking the room availability for the particular date" time="0"/>
  <testcase name="Then click the search button" classname="Scenario: checking the room availability for the particular date" time="0"/>
  <testcase name="Scenario: checking the room availability for the particular date" classname="Scenario: checking the room availability for the particular date" time="0"/>
  <testcase name="Given Launch the web application" classname="Scenario: checking the price" time="0"/>
  <testcase name="When click the select button" classname="Scenario: checking the price" time="0"/>
  <testcase name="Then click the continue button" classname="Scenario: checking the price" time="0"/>
  <testcase name="Scenario: checking the price" classname="Scenario: checking the price" time="0"/>
  <testcase name="Given Launch the payment page" classname="Scenario: Making a Payment" time="0"/>
  <testcase name="When Enter the firstname as &quot;subha&quot; lastname as &quot;nataraj&quot; address as &quot;chennai&quot; creditcardno as &quot;1234 5678 9101 1213&quot;" classname="Scenario: Making a Payment" time="0"/>
  <testcase name="When Enter the credit card  type" classname="Scenario: Making a Payment" time="0"/>
  <testcase name="And Enter the CVV number as &quot;888&quot;" classname="Scenario: Making a Payment" time="0"/>
  <testcase name="Then click booknow button" classname="Scenario: Making a Payment" time="0"/>
  <testcase name="Scenario: Making a Payment" classname="Scenario: Making a Payment" time="0"/>
</testsuite>